<?xml version="1.0" encoding="UTF-8"?>
<!-- Generated by org.testng.reporters.JUnitReportReporter -->
<testsuite skipped="0" hostname="DESKTOP-H8KOGM6" name="SeleniumMaven.Mavenjava.RESTAPITest" tests="2" failures="0" timestamp="2021-05-24T18:58:59 IST" time="0.002" errors="0">
  <testcase name="deleteTwitter" time="0.000" classname="SeleniumMaven.Mavenjava.RESTAPITest"/>
  <system-out/>
  <testcase name="postJira" time="0.002" classname="SeleniumMaven.Mavenjava.RESTAPITest"/>
  <system-out/>
</testsuite> <!-- SeleniumMaven.Mavenjava.RESTAPITest -->
