<?xml version="1.0" encoding="UTF-8"?>
<!-- Generated by org.testng.reporters.JUnitReportReporter -->
<testsuite skipped="0" hostname="DESKTOP-H8KOGM6" name="SeleniumMaven.Mavenjava.AppiumTest" tests="2" failures="0" timestamp="2021-05-24T18:58:59 IST" time="0.008" errors="0">
  <testcase name="NativeAppAndroid" time="0.001" classname="SeleniumMaven.Mavenjava.AppiumTest"/>
  <system-out/>
  <testcase name="IOSApps" time="0.007" classname="SeleniumMaven.Mavenjava.AppiumTest"/>
  <system-out/>
</testsuite> <!-- SeleniumMaven.Mavenjava.AppiumTest -->
